Determining if the pthread_create exist failed with the following output:
Change Dir: /home/mxiong/projects/ade/archive/simple_order_book/CMakeFiles/CMakeTmp

Run Build Command:"/usr/bin/make" "cmTC_5a136/fast"
/usr/bin/make -f CMakeFiles/cmTC_5a136.dir/build.make CMakeFiles/cmTC_5a136.dir/build
make[1]: Entering directory '/home/mxiong/projects/ade/archive/simple_order_book/CMakeFiles/CMakeTmp'
Building C object CMakeFiles/cmTC_5a136.dir/CheckSymbolExists.c.o
/usr/bin/cc    -o CMakeFiles/cmTC_5a136.dir/CheckSymbolExists.c.o   -c /home/mxiong/projects/ade/archive/simple_order_book/CMakeFiles/CMakeTmp/CheckSymbolExists.c
Linking C executable cmTC_5a136
/usr/bin/cmake -E cmake_link_script CMakeFiles/cmTC_5a136.dir/link.txt --verbose=1
/usr/bin/cc      -rdynamic CMakeFiles/cmTC_5a136.dir/CheckSymbolExists.c.o  -o cmTC_5a136 
CMakeFiles/cmTC_5a136.dir/CheckSymbolExists.c.o: In function `main':
CheckSymbolExists.c:(.text+0x1b): undefined reference to `pthread_create'
collect2: error: ld returned 1 exit status
CMakeFiles/cmTC_5a136.dir/build.make:97: recipe for target 'cmTC_5a136' failed
make[1]: *** [cmTC_5a136] Error 1
make[1]: Leaving directory '/home/mxiong/projects/ade/archive/simple_order_book/CMakeFiles/CMakeTmp'
Makefile:126: recipe for target 'cmTC_5a136/fast' failed
make: *** [cmTC_5a136/fast] Error 2

File /home/mxiong/projects/ade/archive/simple_order_book/CMakeFiles/CMakeTmp/CheckSymbolExists.c:
/* */
#include <pthread.h>

int main(int argc, char** argv)
{
  (void)argv;
#ifndef pthread_create
  return ((int*)(&pthread_create))[argc];
#else
  (void)argc;
  return 0;
#endif
}

Determining if the function pthread_create exists in the pthreads failed with the following output:
Change Dir: /home/mxiong/projects/ade/archive/simple_order_book/CMakeFiles/CMakeTmp

Run Build Command:"/usr/bin/make" "cmTC_1fb4d/fast"
/usr/bin/make -f CMakeFiles/cmTC_1fb4d.dir/build.make CMakeFiles/cmTC_1fb4d.dir/build
make[1]: Entering directory '/home/mxiong/projects/ade/archive/simple_order_book/CMakeFiles/CMakeTmp'
Building C object CMakeFiles/cmTC_1fb4d.dir/CheckFunctionExists.c.o
/usr/bin/cc   -DCHECK_FUNCTION_EXISTS=pthread_create   -o CMakeFiles/cmTC_1fb4d.dir/CheckFunctionExists.c.o   -c /usr/share/cmake-3.10/Modules/CheckFunctionExists.c
Linking C executable cmTC_1fb4d
/usr/bin/cmake -E cmake_link_script CMakeFiles/cmTC_1fb4d.dir/link.txt --verbose=1
/usr/bin/cc  -DCHECK_FUNCTION_EXISTS=pthread_create    -rdynamic CMakeFiles/cmTC_1fb4d.dir/CheckFunctionExists.c.o  -o cmTC_1fb4d -lpthreads 
/usr/bin/ld: cannot find -lpthreads
collect2: error: ld returned 1 exit status
CMakeFiles/cmTC_1fb4d.dir/build.make:97: recipe for target 'cmTC_1fb4d' failed
make[1]: *** [cmTC_1fb4d] Error 1
make[1]: Leaving directory '/home/mxiong/projects/ade/archive/simple_order_book/CMakeFiles/CMakeTmp'
Makefile:126: recipe for target 'cmTC_1fb4d/fast' failed
make: *** [cmTC_1fb4d/fast] Error 2


Determining if the pthread_create exist failed with the following output:
Change Dir: /home/mxiong/projects/ade/archive/simple_order_book/CMakeFiles/CMakeTmp

Run Build Command:"/usr/bin/make" "cmTC_a77d3/fast"
/usr/bin/make -f CMakeFiles/cmTC_a77d3.dir/build.make CMakeFiles/cmTC_a77d3.dir/build
make[1]: Entering directory '/home/mxiong/projects/ade/archive/simple_order_book/CMakeFiles/CMakeTmp'
Building C object CMakeFiles/cmTC_a77d3.dir/CheckSymbolExists.c.o
/usr/bin/cc    -o CMakeFiles/cmTC_a77d3.dir/CheckSymbolExists.c.o   -c /home/mxiong/projects/ade/archive/simple_order_book/CMakeFiles/CMakeTmp/CheckSymbolExists.c
Linking C executable cmTC_a77d3
/usr/bin/cmake -E cmake_link_script CMakeFiles/cmTC_a77d3.dir/link.txt --verbose=1
/usr/bin/cc      -rdynamic CMakeFiles/cmTC_a77d3.dir/CheckSymbolExists.c.o  -o cmTC_a77d3 
CMakeFiles/cmTC_a77d3.dir/CheckSymbolExists.c.o: In function `main':
CheckSymbolExists.c:(.text+0x1b): undefined reference to `pthread_create'
collect2: error: ld returned 1 exit status
CMakeFiles/cmTC_a77d3.dir/build.make:97: recipe for target 'cmTC_a77d3' failed
make[1]: *** [cmTC_a77d3] Error 1
make[1]: Leaving directory '/home/mxiong/projects/ade/archive/simple_order_book/CMakeFiles/CMakeTmp'
Makefile:126: recipe for target 'cmTC_a77d3/fast' failed
make: *** [cmTC_a77d3/fast] Error 2

File /home/mxiong/projects/ade/archive/simple_order_book/CMakeFiles/CMakeTmp/CheckSymbolExists.c:
/* */
#include <pthread.h>

int main(int argc, char** argv)
{
  (void)argv;
#ifndef pthread_create
  return ((int*)(&pthread_create))[argc];
#else
  (void)argc;
  return 0;
#endif
}

Determining if the function pthread_create exists in the pthreads failed with the following output:
Change Dir: /home/mxiong/projects/ade/archive/simple_order_book/CMakeFiles/CMakeTmp

Run Build Command:"/usr/bin/make" "cmTC_d1c42/fast"
/usr/bin/make -f CMakeFiles/cmTC_d1c42.dir/build.make CMakeFiles/cmTC_d1c42.dir/build
make[1]: Entering directory '/home/mxiong/projects/ade/archive/simple_order_book/CMakeFiles/CMakeTmp'
Building C object CMakeFiles/cmTC_d1c42.dir/CheckFunctionExists.c.o
/usr/bin/cc   -DCHECK_FUNCTION_EXISTS=pthread_create   -o CMakeFiles/cmTC_d1c42.dir/CheckFunctionExists.c.o   -c /usr/share/cmake-3.10/Modules/CheckFunctionExists.c
Linking C executable cmTC_d1c42
/usr/bin/cmake -E cmake_link_script CMakeFiles/cmTC_d1c42.dir/link.txt --verbose=1
/usr/bin/cc  -DCHECK_FUNCTION_EXISTS=pthread_create    -rdynamic CMakeFiles/cmTC_d1c42.dir/CheckFunctionExists.c.o  -o cmTC_d1c42 -lpthreads 
/usr/bin/ld: cannot find -lpthreads
collect2: error: ld returned 1 exit status
CMakeFiles/cmTC_d1c42.dir/build.make:97: recipe for target 'cmTC_d1c42' failed
make[1]: *** [cmTC_d1c42] Error 1
make[1]: Leaving directory '/home/mxiong/projects/ade/archive/simple_order_book/CMakeFiles/CMakeTmp'
Makefile:126: recipe for target 'cmTC_d1c42/fast' failed
make: *** [cmTC_d1c42/fast] Error 2


Determining if the pthread_create exist failed with the following output:
Change Dir: /home/mxiong/projects/ade/archive/simple_order_book/CMakeFiles/CMakeTmp

Run Build Command:"/usr/bin/make" "cmTC_09c8e/fast"
make[1]: Entering directory '/home/mxiong/projects/ade/archive/simple_order_book/CMakeFiles/CMakeTmp'
/usr/bin/make -f CMakeFiles/cmTC_09c8e.dir/build.make CMakeFiles/cmTC_09c8e.dir/build
make[2]: Entering directory '/home/mxiong/projects/ade/archive/simple_order_book/CMakeFiles/CMakeTmp'
Building C object CMakeFiles/cmTC_09c8e.dir/CheckSymbolExists.c.o
/usr/bin/cc    -o CMakeFiles/cmTC_09c8e.dir/CheckSymbolExists.c.o   -c /home/mxiong/projects/ade/archive/simple_order_book/CMakeFiles/CMakeTmp/CheckSymbolExists.c
Linking C executable cmTC_09c8e
/usr/bin/cmake -E cmake_link_script CMakeFiles/cmTC_09c8e.dir/link.txt --verbose=1
/usr/bin/cc      -rdynamic CMakeFiles/cmTC_09c8e.dir/CheckSymbolExists.c.o  -o cmTC_09c8e 
CMakeFiles/cmTC_09c8e.dir/CheckSymbolExists.c.o: In function `main':
CheckSymbolExists.c:(.text+0x1b): undefined reference to `pthread_create'
collect2: error: ld returned 1 exit status
CMakeFiles/cmTC_09c8e.dir/build.make:97: recipe for target 'cmTC_09c8e' failed
make[2]: *** [cmTC_09c8e] Error 1
make[2]: Leaving directory '/home/mxiong/projects/ade/archive/simple_order_book/CMakeFiles/CMakeTmp'
Makefile:126: recipe for target 'cmTC_09c8e/fast' failed
make[1]: *** [cmTC_09c8e/fast] Error 2
make[1]: Leaving directory '/home/mxiong/projects/ade/archive/simple_order_book/CMakeFiles/CMakeTmp'

File /home/mxiong/projects/ade/archive/simple_order_book/CMakeFiles/CMakeTmp/CheckSymbolExists.c:
/* */
#include <pthread.h>

int main(int argc, char** argv)
{
  (void)argv;
#ifndef pthread_create
  return ((int*)(&pthread_create))[argc];
#else
  (void)argc;
  return 0;
#endif
}

Determining if the function pthread_create exists in the pthreads failed with the following output:
Change Dir: /home/mxiong/projects/ade/archive/simple_order_book/CMakeFiles/CMakeTmp

Run Build Command:"/usr/bin/make" "cmTC_45810/fast"
make[1]: Entering directory '/home/mxiong/projects/ade/archive/simple_order_book/CMakeFiles/CMakeTmp'
/usr/bin/make -f CMakeFiles/cmTC_45810.dir/build.make CMakeFiles/cmTC_45810.dir/build
make[2]: Entering directory '/home/mxiong/projects/ade/archive/simple_order_book/CMakeFiles/CMakeTmp'
Building C object CMakeFiles/cmTC_45810.dir/CheckFunctionExists.c.o
/usr/bin/cc   -DCHECK_FUNCTION_EXISTS=pthread_create   -o CMakeFiles/cmTC_45810.dir/CheckFunctionExists.c.o   -c /usr/share/cmake-3.10/Modules/CheckFunctionExists.c
Linking C executable cmTC_45810
/usr/bin/cmake -E cmake_link_script CMakeFiles/cmTC_45810.dir/link.txt --verbose=1
/usr/bin/cc  -DCHECK_FUNCTION_EXISTS=pthread_create    -rdynamic CMakeFiles/cmTC_45810.dir/CheckFunctionExists.c.o  -o cmTC_45810 -lpthreads 
/usr/bin/ld: cannot find -lpthreads
collect2: error: ld returned 1 exit status
CMakeFiles/cmTC_45810.dir/build.make:97: recipe for target 'cmTC_45810' failed
make[2]: *** [cmTC_45810] Error 1
make[2]: Leaving directory '/home/mxiong/projects/ade/archive/simple_order_book/CMakeFiles/CMakeTmp'
Makefile:126: recipe for target 'cmTC_45810/fast' failed
make[1]: *** [cmTC_45810/fast] Error 2
make[1]: Leaving directory '/home/mxiong/projects/ade/archive/simple_order_book/CMakeFiles/CMakeTmp'


